Arguments: 
  C:\Program Files\nodejs\node.exe C:\Users\cheng\AppData\Roaming\npm\node_modules\yarn\bin\yarn.js install

PATH: 
  C:\WINDOWS\system32;C:\WINDOWS;C:\WINDOWS\System32\Wbem;C:\WINDOWS\System32\WindowsPowerShell\v1.0\;C:\WINDOWS\System32\OpenSSH\;C:\Program Files\nodejs\;C:\Program Files\Git\cmd;C:\Program Files\MySQL\MySQL Shell 8.0\bin\;C:\Users\cheng\AppData\Local\Programs\Python\Python39\Scripts\;C:\Users\cheng\AppData\Local\Programs\Python\Python39\;C:\Users\cheng\AppData\Local\Microsoft\WindowsApps;C:\Users\cheng\AppData\Local\Programs\Microsoft VS Code\bin;C:\Users\cheng\AppData\Roaming\npm;C:\Program Files\MongoDB\Server\5.0\bin;

Yarn version: 
  1.22.17

Node version: 
  16.14.0

Platform: 
  win32 x64

Trace: 
  SyntaxError: C:\Users\cheng\Desktop\survive\ecommerce-stack-app\backend\package.json: Unexpected token } in JSON at position 279
      at JSON.parse (<anonymous>)
      at C:\Users\cheng\AppData\Roaming\npm\node_modules\yarn\lib\cli.js:1625:59
      at Generator.next (<anonymous>)
      at step (C:\Users\cheng\AppData\Roaming\npm\node_modules\yarn\lib\cli.js:310:30)
      at C:\Users\cheng\AppData\Roaming\npm\node_modules\yarn\lib\cli.js:321:13

npm manifest: 
  {
    "name": "backend",
    "version": "1.0.0",
    "description": "",
    "main": "index.js",
    "scripts": {
      "start": "node server.js",
      "server": "nodemon server.js",
      "client": "npm start --prefix client",
      "dev": "concurrently \"npm run server\" \"npm run client\"",
    },
    "keywords": [],
    "author": "",
    "license": "ISC",
    "dependencies": {
      "bcrypt": "^5.0.0",
      "concurrently": "^5.3.0",
      "config": "^3.3.3",
      "express": "^4.17.1",
      "jsonwebtoken": "^8.5.1",
      "mongoose": "^5.11.11",
      "nodemon": "2.0.7",
      "validator": "^13.5.2"
    }
  }

yarn manifest: 
  No manifest

Lockfile: 
  No lockfile
